<?xml version="1.0" encoding="UTF-8"?>
<!-- Generated by org.testng.reporters.JUnitReportReporter -->
<testsuite hostname="DESKTOP-H9QN2UP" failures="0" tests="1" name="com.ds.testbase.TestBase" time="17.837" errors="0" timestamp="2023-03-02T22:50:30 GMT-08:00" skipped="0">
  <testcase classname="com.ds.testbase.TestBase" name="test" time="17.837"/>
  <system-out/>
</testsuite> <!-- com.ds.testbase.TestBase -->
